2022-11-20 22:52:11,093 - [INFO] - тестовое приложение - LOGGER - (jerebievka.py).<module>(17) - Программа запустилась
2022-11-20 22:52:13,222 - [INFO] - тестовое приложение - LOGGER - (jerebievka.py).<module>(28) - Пользователь ввел  количество пользователей равное: 7
2022-11-20 22:52:13,222 - [INFO] - тестовое приложение - LOGGER - (jerebievka.py).<module>(38) - На консоль выведено число 1 бочки : 5 
2022-11-20 22:52:14,047 - [INFO] - тестовое приложение - LOGGER - (jerebievka.py).<module>(38) - На консоль выведено число 2 бочки : 2 
2022-11-20 22:52:14,478 - [INFO] - тестовое приложение - LOGGER - (jerebievka.py).<module>(38) - На консоль выведено число 3 бочки : 3 
2022-11-20 22:52:14,942 - [INFO] - тестовое приложение - LOGGER - (jerebievka.py).<module>(38) - На консоль выведено число 4 бочки : 1 
2022-11-20 22:52:15,375 - [INFO] - тестовое приложение - LOGGER - (jerebievka.py).<module>(38) - На консоль выведено число 5 бочки : 4 
2022-11-20 22:52:15,871 - [INFO] - тестовое приложение - LOGGER - (jerebievka.py).<module>(38) - На консоль выведено число 6 бочки : 7 
2022-11-20 22:52:16,375 - [INFO] - тестовое приложение - LOGGER - (jerebievka.py).<module>(38) - На консоль выведено число 7 бочки : 6 
2022-11-20 22:52:16,918 - [INFO] - тестовое приложение - LOGGER - (jerebievka.py).<module>(43) - Программа завершила работу
2022-11-20 22:52:22,673 - [INFO] - тестовое приложение - LOGGER - (jerebievka.py).<module>(17) - Программа запустилась
2022-11-20 22:52:26,638 - [ERROR] - тестовое приложение - LOGGER - (jerebievka.py).<module>(26) - Данные введены некорректно.
2022-11-20 22:52:26,639 - [INFO] - тестовое приложение - LOGGER - (jerebievka.py).<module>(17) - Программа запустилась
2022-11-20 22:52:28,662 - [ERROR] - тестовое приложение - LOGGER - (jerebievka.py).<module>(22) - Данные введены некорректно.
2022-11-20 22:52:28,663 - [INFO] - тестовое приложение - LOGGER - (jerebievka.py).<module>(17) - Программа запустилась
2022-11-20 22:52:30,750 - [INFO] - тестовое приложение - LOGGER - (jerebievka.py).<module>(28) - Пользователь ввел  количество пользователей равное: 13
2022-11-20 22:52:30,751 - [INFO] - тестовое приложение - LOGGER - (jerebievka.py).<module>(38) - На консоль выведено число 1 бочки : 5 
2022-11-20 22:52:31,166 - [INFO] - тестовое приложение - LOGGER - (jerebievka.py).<module>(38) - На консоль выведено число 2 бочки : 6 
2022-11-20 22:52:31,654 - [INFO] - тестовое приложение - LOGGER - (jerebievka.py).<module>(38) - На консоль выведено число 3 бочки : 12 
2022-11-20 22:52:32,070 - [INFO] - тестовое приложение - LOGGER - (jerebievka.py).<module>(38) - На консоль выведено число 4 бочки : 13 
2022-11-20 22:52:32,382 - [INFO] - тестовое приложение - LOGGER - (jerebievka.py).<module>(38) - На консоль выведено число 5 бочки : 9 
2022-11-20 22:52:32,583 - [INFO] - тестовое приложение - LOGGER - (jerebievka.py).<module>(38) - На консоль выведено число 6 бочки : 1 
2022-11-20 22:52:32,758 - [INFO] - тестовое приложение - LOGGER - (jerebievka.py).<module>(38) - На консоль выведено число 7 бочки : 10 
2022-11-20 22:52:32,942 - [INFO] - тестовое приложение - LOGGER - (jerebievka.py).<module>(38) - На консоль выведено число 8 бочки : 2 
2022-11-20 22:52:33,126 - [INFO] - тестовое приложение - LOGGER - (jerebievka.py).<module>(38) - На консоль выведено число 9 бочки : 3 
2022-11-20 22:52:33,343 - [INFO] - тестовое приложение - LOGGER - (jerebievka.py).<module>(38) - На консоль выведено число 10 бочки : 7 
2022-11-20 22:52:33,574 - [INFO] - тестовое приложение - LOGGER - (jerebievka.py).<module>(38) - На консоль выведено число 11 бочки : 8 
2022-11-20 22:52:33,786 - [INFO] - тестовое приложение - LOGGER - (jerebievka.py).<module>(38) - На консоль выведено число 12 бочки : 11 
2022-11-20 22:52:34,047 - [INFO] - тестовое приложение - LOGGER - (jerebievka.py).<module>(38) - На консоль выведено число 13 бочки : 4 
2022-11-20 22:52:34,318 - [INFO] - тестовое приложение - LOGGER - (jerebievka.py).<module>(43) - Программа завершила работу
2022-11-20 22:52:40,057 - [INFO] - тестовое приложение - LOGGER - (jerebievka.py).<module>(17) - Программа запустилась
2022-11-20 22:52:42,046 - [INFO] - тестовое приложение - LOGGER - (jerebievka.py).<module>(28) - Пользователь ввел  количество пользователей равное: 25
2022-11-20 22:52:42,047 - [INFO] - тестовое приложение - LOGGER - (jerebievka.py).<module>(38) - На консоль выведено число 1 бочки : 13 
2022-11-20 22:52:42,470 - [INFO] - тестовое приложение - LOGGER - (jerebievka.py).<module>(38) - На консоль выведено число 2 бочки : 8 
2022-11-20 22:52:42,855 - [INFO] - тестовое приложение - LOGGER - (jerebievka.py).<module>(38) - На консоль выведено число 3 бочки : 14 
2022-11-20 22:52:43,246 - [INFO] - тестовое приложение - LOGGER - (jerebievka.py).<module>(38) - На консоль выведено число 4 бочки : 3 
2022-11-20 22:52:43,599 - [INFO] - тестовое приложение - LOGGER - (jerebievka.py).<module>(38) - На консоль выведено число 5 бочки : 17 
2022-11-20 22:52:43,998 - [INFO] - тестовое приложение - LOGGER - (jerebievka.py).<module>(38) - На консоль выведено число 6 бочки : 25 
2022-11-20 22:52:44,256 - [INFO] - тестовое приложение - LOGGER - (jerebievka.py).<module>(38) - На консоль выведено число 7 бочки : 24 
2022-11-20 22:52:44,398 - [INFO] - тестовое приложение - LOGGER - (jerebievka.py).<module>(38) - На консоль выведено число 8 бочки : 12 
2022-11-20 22:52:44,590 - [INFO] - тестовое приложение - LOGGER - (jerebievka.py).<module>(38) - На консоль выведено число 9 бочки : 19 
2022-11-20 22:52:44,751 - [INFO] - тестовое приложение - LOGGER - (jerebievka.py).<module>(38) - На консоль выведено число 10 бочки : 22 
2022-11-20 22:52:44,935 - [INFO] - тестовое приложение - LOGGER - (jerebievka.py).<module>(38) - На консоль выведено число 11 бочки : 16 
2022-11-20 22:52:45,222 - [INFO] - тестовое приложение - LOGGER - (jerebievka.py).<module>(38) - На консоль выведено число 12 бочки : 9 
2022-11-20 22:52:45,222 - [INFO] - тестовое приложение - LOGGER - (jerebievka.py).<module>(38) - На консоль выведено число 13 бочки : 11 
2022-11-20 22:52:45,383 - [INFO] - тестовое приложение - LOGGER - (jerebievka.py).<module>(38) - На консоль выведено число 14 бочки : 20 
2022-11-20 22:52:45,566 - [INFO] - тестовое приложение - LOGGER - (jerebievka.py).<module>(38) - На консоль выведено число 15 бочки : 7 
2022-11-20 22:52:45,734 - [INFO] - тестовое приложение - LOGGER - (jerebievka.py).<module>(38) - На консоль выведено число 16 бочки : 4 
2022-11-20 22:52:45,910 - [INFO] - тестовое приложение - LOGGER - (jerebievka.py).<module>(38) - На консоль выведено число 17 бочки : 18 
2022-11-20 22:52:46,071 - [INFO] - тестовое приложение - LOGGER - (jerebievka.py).<module>(38) - На консоль выведено число 18 бочки : 5 
2022-11-20 22:52:46,238 - [INFO] - тестовое приложение - LOGGER - (jerebievka.py).<module>(38) - На консоль выведено число 19 бочки : 15 
2022-11-20 22:52:46,398 - [INFO] - тестовое приложение - LOGGER - (jerebievka.py).<module>(38) - На консоль выведено число 20 бочки : 6 
2022-11-20 22:52:46,575 - [INFO] - тестовое приложение - LOGGER - (jerebievka.py).<module>(38) - На консоль выведено число 21 бочки : 23 
2022-11-20 22:52:46,751 - [INFO] - тестовое приложение - LOGGER - (jerebievka.py).<module>(38) - На консоль выведено число 22 бочки : 1 
2022-11-20 22:52:46,918 - [INFO] - тестовое приложение - LOGGER - (jerebievka.py).<module>(38) - На консоль выведено число 23 бочки : 10 
2022-11-20 22:52:47,087 - [INFO] - тестовое приложение - LOGGER - (jerebievka.py).<module>(38) - На консоль выведено число 24 бочки : 2 
2022-11-20 22:52:47,271 - [INFO] - тестовое приложение - LOGGER - (jerebievka.py).<module>(38) - На консоль выведено число 25 бочки : 21 
2022-11-20 22:52:47,439 - [INFO] - тестовое приложение - LOGGER - (jerebievka.py).<module>(43) - Программа завершила работу
